RIJNDAEL: gcry_rijndael
RIJNDAEL192: gcry_rijndael
RIJNDAEL256: gcry_rijndael
AES128: gcry_rijndael
AES-128: gcry_rijndael
AES-192: gcry_rijndael
AES-256: gcry_rijndael
ADLER32: adler32
TWOFISH: gcry_twofish
TWOFISH128: gcry_twofish
SHA1: gcry_sha1
BLOWFISH: gcry_blowfish
ARCFOUR: gcry_arcfour
RIPEMD160: gcry_rmd160
TIGER192: gcry_tiger
MD4: gcry_md4
MD5: gcry_md5
WHIRLPOOL: gcry_whirlpool
SEED: gcry_seed
CRC32: gcry_crc
CRC32RFC1510: gcry_crc
CRC24RFC2440: gcry_crc
AES: gcry_rijndael
AES192: gcry_rijndael
AES256: gcry_rijndael
DES: gcry_des
3DES: gcry_des
RFC2268_40: gcry_rfc2268
CAST5: gcry_cast5
CAMELLIA128: gcry_camellia
CAMELLIA192: gcry_camellia
CAMELLIA256: gcry_camellia
SERPENT128: gcry_serpent
SERPENT192: gcry_serpent
SERPENT256: gcry_serpent
SHA512: gcry_sha512
SHA384: gcry_sha512
SHA224: gcry_sha256
SHA256: gcry_sha256
